nohup: ignoring input
Setting up watches.  Beware: since -r was given, this may take a while!
Watches established.
/volume1/HomeNetwork/Main/VisualSaliency/ MODIFY git-sync.log
[main 24f9a8a] auto-sync: 2026-03-11 07:54:17
 1 file changed, 4 insertions(+)
 create mode 100644 git-sync.log
To https://github.com/kennethkhoocy/visualsaliency.git
   6a778c7..24f9a8a  main -> main
Setting up watches.  Beware: since -r was given, this may take a while!
Watches established.
/volume1/HomeNetwork/Main/VisualSaliency/ MODIFY git-sync.log
[main 7b00ede] auto-sync: 2026-03-11 07:54:23
 1 file changed, 8 insertions(+)
To https://github.com/kennethkhoocy/visualsaliency.git
   24f9a8a..7b00ede  main -> main
Setting up watches.  Beware: since -r was given, this may take a while!
Watches established.
/volume1/HomeNetwork/Main/VisualSaliency/ MODIFY git-sync.log
[main e8d4376] auto-sync: 2026-03-11 07:54:29
 1 file changed, 7 insertions(+)
To https://github.com/kennethkhoocy/visualsaliency.git
   7b00ede..e8d4376  main -> main
Setting up watches.  Beware: since -r was given, this may take a while!
Watches established.
/volume1/HomeNetwork/Main/VisualSaliency/ MODIFY git-sync.log
[main f593647] auto-sync: 2026-03-11 07:54:35
 1 file changed, 7 insertions(+)
To https://github.com/kennethkhoocy/visualsaliency.git
   e8d4376..f593647  main -> main
Setting up watches.  Beware: since -r was given, this may take a while!
Watches established.
/volume1/HomeNetwork/Main/VisualSaliency/ MODIFY git-sync.log
[main 420848f] auto-sync: 2026-03-11 07:54:41
 1 file changed, 7 insertions(+)
To https://github.com/kennethkhoocy/visualsaliency.git
   f593647..420848f  main -> main
Setting up watches.  Beware: since -r was given, this may take a while!
Watches established.
/volume1/HomeNetwork/Main/VisualSaliency/ MODIFY git-sync.log
[main 1e215fb] auto-sync: 2026-03-11 07:54:47
 1 file changed, 7 insertions(+)
To https://github.com/kennethkhoocy/visualsaliency.git
   420848f..1e215fb  main -> main
Setting up watches.  Beware: since -r was given, this may take a while!
Watches established.
/volume1/HomeNetwork/Main/VisualSaliency/ MODIFY git-sync.log
[main 17940e7] auto-sync: 2026-03-11 07:54:53
 1 file changed, 7 insertions(+)
To https://github.com/kennethkhoocy/visualsaliency.git
   1e215fb..17940e7  main -> main
Setting up watches.  Beware: since -r was given, this may take a while!
Watches established.
/volume1/HomeNetwork/Main/VisualSaliency/ MODIFY git-sync.log
[main 52dc0f1] auto-sync: 2026-03-11 07:54:59
 1 file changed, 7 insertions(+)
To https://github.com/kennethkhoocy/visualsaliency.git
   17940e7..52dc0f1  main -> main
Setting up watches.  Beware: since -r was given, this may take a while!
Watches established.
/volume1/HomeNetwork/Main/VisualSaliency/ MODIFY git-sync.log
[main f5de639] auto-sync: 2026-03-11 07:55:05
 1 file changed, 7 insertions(+)
To https://github.com/kennethkhoocy/visualsaliency.git
   52dc0f1..f5de639  main -> main
Setting up watches.  Beware: since -r was given, this may take a while!
Watches established.
/volume1/HomeNetwork/Main/VisualSaliency/ MODIFY git-sync.log
[main d79f514] auto-sync: 2026-03-11 07:55:11
 1 file changed, 7 insertions(+)
To https://github.com/kennethkhoocy/visualsaliency.git
   f5de639..d79f514  main -> main
Setting up watches.  Beware: since -r was given, this may take a while!
Watches established.
/volume1/HomeNetwork/Main/VisualSaliency/ MODIFY git-sync.log
[main 0934ad8] auto-sync: 2026-03-11 07:55:18
 1 file changed, 7 insertions(+)
To https://github.com/kennethkhoocy/visualsaliency.git
   d79f514..0934ad8  main -> main
Setting up watches.  Beware: since -r was given, this may take a while!
Watches established.
/volume1/HomeNetwork/Main/VisualSaliency/ MODIFY git-sync.log
[main 3a96d5d] auto-sync: 2026-03-11 07:55:24
 1 file changed, 7 insertions(+)
To https://github.com/kennethkhoocy/visualsaliency.git
   0934ad8..3a96d5d  main -> main
Setting up watches.  Beware: since -r was given, this may take a while!
Watches established.
/volume1/HomeNetwork/Main/VisualSaliency/ MODIFY git-sync.log
[main f2a6399] auto-sync: 2026-03-11 07:55:30
 1 file changed, 7 insertions(+)
To https://github.com/kennethkhoocy/visualsaliency.git
   3a96d5d..f2a6399  main -> main
Setting up watches.  Beware: since -r was given, this may take a while!
Watches established.
/volume1/HomeNetwork/Main/VisualSaliency/ MODIFY git-sync.log
[main 2dfd7d6] auto-sync: 2026-03-11 07:55:36
 1 file changed, 7 insertions(+)
To https://github.com/kennethkhoocy/visualsaliency.git
   f2a6399..2dfd7d6  main -> main
Setting up watches.  Beware: since -r was given, this may take a while!
Watches established.
/volume1/HomeNetwork/Main/VisualSaliency/ MODIFY git-sync.log
[main a416f11] auto-sync: 2026-03-11 07:55:42
 1 file changed, 7 insertions(+)
To https://github.com/kennethkhoocy/visualsaliency.git
   2dfd7d6..a416f11  main -> main
Setting up watches.  Beware: since -r was given, this may take a while!
Watches established.
/volume1/HomeNetwork/Main/VisualSaliency/ MODIFY git-sync.log
[main 022cc19] auto-sync: 2026-03-11 07:55:48
 1 file changed, 7 insertions(+)
To https://github.com/kennethkhoocy/visualsaliency.git
   a416f11..022cc19  main -> main
Setting up watches.  Beware: since -r was given, this may take a while!
Watches established.
/volume1/HomeNetwork/Main/VisualSaliency/ MODIFY git-sync.log
[main b9e086b] auto-sync: 2026-03-11 07:55:54
 1 file changed, 7 insertions(+)
To https://github.com/kennethkhoocy/visualsaliency.git
   022cc19..b9e086b  main -> main
Setting up watches.  Beware: since -r was given, this may take a while!
Watches established.
/volume1/HomeNetwork/Main/VisualSaliency/ MODIFY git-sync.log
[main b583314] auto-sync: 2026-03-11 07:56:00
 1 file changed, 7 insertions(+)
To https://github.com/kennethkhoocy/visualsaliency.git
   b9e086b..b583314  main -> main
Setting up watches.  Beware: since -r was given, this may take a while!
Watches established.
/volume1/HomeNetwork/Main/VisualSaliency/ MODIFY git-sync.log
[main fc37884] auto-sync: 2026-03-11 07:56:06
 1 file changed, 7 insertions(+)
To https://github.com/kennethkhoocy/visualsaliency.git
   b583314..fc37884  main -> main
Setting up watches.  Beware: since -r was given, this may take a while!
Watches established.
/volume1/HomeNetwork/Main/VisualSaliency/ MODIFY git-sync.log
[main d6de6b0] auto-sync: 2026-03-11 07:56:12
 1 file changed, 7 insertions(+)
To https://github.com/kennethkhoocy/visualsaliency.git
   fc37884..d6de6b0  main -> main
Setting up watches.  Beware: since -r was given, this may take a while!
Watches established.
/volume1/HomeNetwork/Main/VisualSaliency/ MODIFY git-sync.log
[main c79c16b] auto-sync: 2026-03-11 07:56:18
 1 file changed, 7 insertions(+)
To https://github.com/kennethkhoocy/visualsaliency.git
   d6de6b0..c79c16b  main -> main
Setting up watches.  Beware: since -r was given, this may take a while!
Watches established.
/volume1/HomeNetwork/Main/VisualSaliency/ MODIFY git-sync.log
[main e3ec03f] auto-sync: 2026-03-11 07:56:24
 1 file changed, 7 insertions(+)
To https://github.com/kennethkhoocy/visualsaliency.git
   c79c16b..e3ec03f  main -> main
Setting up watches.  Beware: since -r was given, this may take a while!
Watches established.
/volume1/HomeNetwork/Main/VisualSaliency/ MODIFY git-sync.log
[main 498258a] auto-sync: 2026-03-11 07:56:30
 1 file changed, 7 insertions(+)
To https://github.com/kennethkhoocy/visualsaliency.git
   e3ec03f..498258a  main -> main
Setting up watches.  Beware: since -r was given, this may take a while!
Watches established.
/volume1/HomeNetwork/Main/VisualSaliency/ MODIFY git-sync.log
[main 6f8fa7e] auto-sync: 2026-03-11 07:56:36
 1 file changed, 7 insertions(+)
To https://github.com/kennethkhoocy/visualsaliency.git
   498258a..6f8fa7e  main -> main
Setting up watches.  Beware: since -r was given, this may take a while!
Watches established.
/volume1/HomeNetwork/Main/VisualSaliency/ MODIFY git-sync.log
[main 813c237] auto-sync: 2026-03-11 07:56:42
 1 file changed, 7 insertions(+)
To https://github.com/kennethkhoocy/visualsaliency.git
   6f8fa7e..813c237  main -> main
Setting up watches.  Beware: since -r was given, this may take a while!
Watches established.
/volume1/HomeNetwork/Main/VisualSaliency/ MODIFY git-sync.log
[main 80edd5f] auto-sync: 2026-03-11 07:56:48
 1 file changed, 7 insertions(+)
To https://github.com/kennethkhoocy/visualsaliency.git
   813c237..80edd5f  main -> main
Setting up watches.  Beware: since -r was given, this may take a while!
Watches established.
/volume1/HomeNetwork/Main/VisualSaliency/ MODIFY git-sync.log
[main 6faa089] auto-sync: 2026-03-11 07:56:55
 1 file changed, 7 insertions(+)
To https://github.com/kennethkhoocy/visualsaliency.git
   80edd5f..6faa089  main -> main
Setting up watches.  Beware: since -r was given, this may take a while!
Watches established.
/volume1/HomeNetwork/Main/VisualSaliency/ MODIFY git-sync.log
[main 41aabda] auto-sync: 2026-03-11 07:57:01
 1 file changed, 7 insertions(+)
To https://github.com/kennethkhoocy/visualsaliency.git
   6faa089..41aabda  main -> main
Setting up watches.  Beware: since -r was given, this may take a while!
Watches established.
/volume1/HomeNetwork/Main/VisualSaliency/ MODIFY git-sync.log
[main c858585] auto-sync: 2026-03-11 07:57:07
 1 file changed, 7 insertions(+)
To https://github.com/kennethkhoocy/visualsaliency.git
   d503081..c858585  main -> main
Setting up watches.  Beware: since -r was given, this may take a while!
Watches established.
/volume1/HomeNetwork/Main/VisualSaliency/ MODIFY git-sync.log
[main c597b17] auto-sync: 2026-03-11 07:57:13
 1 file changed, 7 insertions(+)
To https://github.com/kennethkhoocy/visualsaliency.git
   c858585..c597b17  main -> main
Setting up watches.  Beware: since -r was given, this may take a while!
Watches established.
/volume1/HomeNetwork/Main/VisualSaliency/ MODIFY git-sync.log
[main d1a9d17] auto-sync: 2026-03-11 07:57:19
 1 file changed, 7 insertions(+)
To https://github.com/kennethkhoocy/visualsaliency.git
   c597b17..d1a9d17  main -> main
Setting up watches.  Beware: since -r was given, this may take a while!
Watches established.
/volume1/HomeNetwork/Main/VisualSaliency/ MODIFY git-sync.log
[main b8cb759] auto-sync: 2026-03-11 07:57:25
 1 file changed, 7 insertions(+)
To https://github.com/kennethkhoocy/visualsaliency.git
   d1a9d17..b8cb759  main -> main
Setting up watches.  Beware: since -r was given, this may take a while!
Watches established.
/volume1/HomeNetwork/Main/VisualSaliency/ MODIFY git-sync.log
[main 530762d] auto-sync: 2026-03-11 07:57:31
 1 file changed, 7 insertions(+)
To https://github.com/kennethkhoocy/visualsaliency.git
   b8cb759..530762d  main -> main
Setting up watches.  Beware: since -r was given, this may take a while!
Watches established.
/volume1/HomeNetwork/Main/VisualSaliency/ MODIFY git-sync.log
[main 302921b] auto-sync: 2026-03-11 07:57:37
 1 file changed, 7 insertions(+)
To https://github.com/kennethkhoocy/visualsaliency.git
   530762d..302921b  main -> main
Setting up watches.  Beware: since -r was given, this may take a while!
Watches established.
/volume1/HomeNetwork/Main/VisualSaliency/ MODIFY git-sync.log
[main 0c7ed04] auto-sync: 2026-03-11 07:57:43
 1 file changed, 7 insertions(+)
To https://github.com/kennethkhoocy/visualsaliency.git
   302921b..0c7ed04  main -> main
Setting up watches.  Beware: since -r was given, this may take a while!
Watches established.
/volume1/HomeNetwork/Main/VisualSaliency/ MODIFY git-sync.log
[main ab50eca] auto-sync: 2026-03-11 07:57:50
 1 file changed, 7 insertions(+)
To https://github.com/kennethkhoocy/visualsaliency.git
   0c7ed04..ab50eca  main -> main
Setting up watches.  Beware: since -r was given, this may take a while!
Watches established.
/volume1/HomeNetwork/Main/VisualSaliency/ MODIFY git-sync.log
[main 8938d3f] auto-sync: 2026-03-11 07:57:56
 1 file changed, 7 insertions(+)
To https://github.com/kennethkhoocy/visualsaliency.git
   ab50eca..8938d3f  main -> main
Setting up watches.  Beware: since -r was given, this may take a while!
Watches established.
/volume1/HomeNetwork/Main/VisualSaliency/ MODIFY git-sync.log
[main 92b172a] auto-sync: 2026-03-11 07:58:02
 1 file changed, 7 insertions(+)
To https://github.com/kennethkhoocy/visualsaliency.git
   8938d3f..92b172a  main -> main
Setting up watches.  Beware: since -r was given, this may take a while!
Watches established.
/volume1/HomeNetwork/Main/VisualSaliency/ MODIFY git-sync.log
[main 8a641c9] auto-sync: 2026-03-11 07:58:08
 1 file changed, 7 insertions(+)
To https://github.com/kennethkhoocy/visualsaliency.git
   92b172a..8a641c9  main -> main
Setting up watches.  Beware: since -r was given, this may take a while!
Watches established.
/volume1/HomeNetwork/Main/VisualSaliency/ MODIFY git-sync.log
[main 2af25e3] auto-sync: 2026-03-11 07:58:14
 1 file changed, 7 insertions(+)
To https://github.com/kennethkhoocy/visualsaliency.git
   8a641c9..2af25e3  main -> main
Setting up watches.  Beware: since -r was given, this may take a while!
Watches established.
/volume1/HomeNetwork/Main/VisualSaliency/ MODIFY git-sync.log
[main 9ce1a28] auto-sync: 2026-03-11 07:58:20
 1 file changed, 7 insertions(+)
To https://github.com/kennethkhoocy/visualsaliency.git
   2af25e3..9ce1a28  main -> main
Setting up watches.  Beware: since -r was given, this may take a while!
Watches established.
/volume1/HomeNetwork/Main/VisualSaliency/ MODIFY git-sync.log
[main ffa1cce] auto-sync: 2026-03-11 07:58:27
 1 file changed, 7 insertions(+)
To https://github.com/kennethkhoocy/visualsaliency.git
   9ce1a28..ffa1cce  main -> main
Setting up watches.  Beware: since -r was given, this may take a while!
Watches established.
/volume1/HomeNetwork/Main/VisualSaliency/ MODIFY git-sync.log
[main ae89b1b] auto-sync: 2026-03-11 07:58:33
 1 file changed, 7 insertions(+)
To https://github.com/kennethkhoocy/visualsaliency.git
   ffa1cce..ae89b1b  main -> main
Setting up watches.  Beware: since -r was given, this may take a while!
Watches established.
/volume1/HomeNetwork/Main/VisualSaliency/ MODIFY git-sync.log
[main 2680b83] auto-sync: 2026-03-11 07:58:39
 1 file changed, 7 insertions(+)
To https://github.com/kennethkhoocy/visualsaliency.git
   ae89b1b..2680b83  main -> main
Setting up watches.  Beware: since -r was given, this may take a while!
Watches established.
/volume1/HomeNetwork/Main/VisualSaliency/ MODIFY git-sync.log
[main 19a1234] auto-sync: 2026-03-11 07:58:45
 1 file changed, 7 insertions(+)
To https://github.com/kennethkhoocy/visualsaliency.git
   2680b83..19a1234  main -> main
Setting up watches.  Beware: since -r was given, this may take a while!
Watches established.
/volume1/HomeNetwork/Main/VisualSaliency/ MODIFY git-sync.log
[main 901206f] auto-sync: 2026-03-11 07:58:51
 1 file changed, 7 insertions(+)
To https://github.com/kennethkhoocy/visualsaliency.git
   19a1234..901206f  main -> main
Setting up watches.  Beware: since -r was given, this may take a while!
Watches established.
/volume1/HomeNetwork/Main/VisualSaliency/ MODIFY git-sync.log
[main e16ce6a] auto-sync: 2026-03-11 07:58:57
 1 file changed, 7 insertions(+)
To https://github.com/kennethkhoocy/visualsaliency.git
   901206f..e16ce6a  main -> main
Setting up watches.  Beware: since -r was given, this may take a while!
Watches established.
/volume1/HomeNetwork/Main/VisualSaliency/ MODIFY git-sync.log
[main c4cfc8f] auto-sync: 2026-03-11 07:59:03
 1 file changed, 7 insertions(+)
To https://github.com/kennethkhoocy/visualsaliency.git
   e16ce6a..c4cfc8f  main -> main
Setting up watches.  Beware: since -r was given, this may take a while!
Watches established.
/volume1/HomeNetwork/Main/VisualSaliency/ MODIFY git-sync.log
[main 56abd37] auto-sync: 2026-03-11 07:59:09
 1 file changed, 7 insertions(+)
To https://github.com/kennethkhoocy/visualsaliency.git
   c4cfc8f..56abd37  main -> main
Setting up watches.  Beware: since -r was given, this may take a while!
Watches established.
/volume1/HomeNetwork/Main/VisualSaliency/ MODIFY git-sync.log
[main b9a3a8c] auto-sync: 2026-03-11 07:59:15
 1 file changed, 7 insertions(+)
To https://github.com/kennethkhoocy/visualsaliency.git
   56abd37..b9a3a8c  main -> main
Setting up watches.  Beware: since -r was given, this may take a while!
Watches established.
/volume1/HomeNetwork/Main/VisualSaliency/ MODIFY git-sync.log
[main 939f4c5] auto-sync: 2026-03-11 07:59:21
 1 file changed, 7 insertions(+)
To https://github.com/kennethkhoocy/visualsaliency.git
   b9a3a8c..939f4c5  main -> main
Setting up watches.  Beware: since -r was given, this may take a while!
Watches established.
/volume1/HomeNetwork/Main/VisualSaliency/ MODIFY git-sync.log
[main 4f619cf] auto-sync: 2026-03-11 07:59:28
 1 file changed, 7 insertions(+)
To https://github.com/kennethkhoocy/visualsaliency.git
   939f4c5..4f619cf  main -> main
Setting up watches.  Beware: since -r was given, this may take a while!
Watches established.
/volume1/HomeNetwork/Main/VisualSaliency/ MODIFY git-sync.log
[main 53e74f5] auto-sync: 2026-03-11 07:59:34
 1 file changed, 7 insertions(+)
To https://github.com/kennethkhoocy/visualsaliency.git
   4f619cf..53e74f5  main -> main
Setting up watches.  Beware: since -r was given, this may take a while!
Watches established.
/volume1/HomeNetwork/Main/VisualSaliency/ MODIFY git-sync.log
[main cba33d9] auto-sync: 2026-03-11 07:59:40
 1 file changed, 7 insertions(+)
To https://github.com/kennethkhoocy/visualsaliency.git
   53e74f5..cba33d9  main -> main
Setting up watches.  Beware: since -r was given, this may take a while!
Watches established.
/volume1/HomeNetwork/Main/VisualSaliency/ MODIFY git-sync.log
[main 4087133] auto-sync: 2026-03-11 07:59:46
 1 file changed, 7 insertions(+)
To https://github.com/kennethkhoocy/visualsaliency.git
   cba33d9..4087133  main -> main
Setting up watches.  Beware: since -r was given, this may take a while!
Watches established.
/volume1/HomeNetwork/Main/VisualSaliency/ MODIFY git-sync.log
[main 0dfd9f6] auto-sync: 2026-03-11 07:59:52
 1 file changed, 7 insertions(+)
To https://github.com/kennethkhoocy/visualsaliency.git
   4087133..0dfd9f6  main -> main
Setting up watches.  Beware: since -r was given, this may take a while!
Watches established.
/volume1/HomeNetwork/Main/VisualSaliency/ MODIFY git-sync.log
[main 8371add] auto-sync: 2026-03-11 07:59:58
 1 file changed, 7 insertions(+)
To https://github.com/kennethkhoocy/visualsaliency.git
   0dfd9f6..8371add  main -> main
Setting up watches.  Beware: since -r was given, this may take a while!
Watches established.
/volume1/HomeNetwork/Main/VisualSaliency/ MODIFY git-sync.log
[main 49afb67] auto-sync: 2026-03-11 08:00:04
 1 file changed, 7 insertions(+)
To https://github.com/kennethkhoocy/visualsaliency.git
   8371add..49afb67  main -> main
Setting up watches.  Beware: since -r was given, this may take a while!
Watches established.
/volume1/HomeNetwork/Main/VisualSaliency/ MODIFY git-sync.log
[main b833e5d] auto-sync: 2026-03-11 08:00:11
 1 file changed, 7 insertions(+)
To https://github.com/kennethkhoocy/visualsaliency.git
   49afb67..b833e5d  main -> main
Setting up watches.  Beware: since -r was given, this may take a while!
Watches established.
/volume1/HomeNetwork/Main/VisualSaliency/ MODIFY git-sync.log
[main edc0016] auto-sync: 2026-03-11 08:00:17
 1 file changed, 7 insertions(+)
To https://github.com/kennethkhoocy/visualsaliency.git
   b833e5d..edc0016  main -> main
Setting up watches.  Beware: since -r was given, this may take a while!
Watches established.
/volume1/HomeNetwork/Main/VisualSaliency/ MODIFY git-sync.log
[main c6c094a] auto-sync: 2026-03-11 08:00:23
 1 file changed, 7 insertions(+)
To https://github.com/kennethkhoocy/visualsaliency.git
   edc0016..c6c094a  main -> main
Setting up watches.  Beware: since -r was given, this may take a while!
Watches established.
/volume1/HomeNetwork/Main/VisualSaliency/ MODIFY git-sync.log
[main 67fdc59] auto-sync: 2026-03-11 08:00:29
 1 file changed, 7 insertions(+)
To https://github.com/kennethkhoocy/visualsaliency.git
   c6c094a..67fdc59  main -> main
Setting up watches.  Beware: since -r was given, this may take a while!
Watches established.
/volume1/HomeNetwork/Main/VisualSaliency/ MODIFY git-sync.log
[main 9d238da] auto-sync: 2026-03-11 08:00:35
 1 file changed, 7 insertions(+)
To https://github.com/kennethkhoocy/visualsaliency.git
   67fdc59..9d238da  main -> main
Setting up watches.  Beware: since -r was given, this may take a while!
Watches established.
/volume1/HomeNetwork/Main/VisualSaliency/ MODIFY git-sync.log
[main c980407] auto-sync: 2026-03-11 08:00:41
 1 file changed, 7 insertions(+)
To https://github.com/kennethkhoocy/visualsaliency.git
   9d238da..c980407  main -> main
Setting up watches.  Beware: since -r was given, this may take a while!
Watches established.
/volume1/HomeNetwork/Main/VisualSaliency/ MODIFY git-sync.log
[main b26b42e] auto-sync: 2026-03-11 08:00:47
 1 file changed, 7 insertions(+)
To https://github.com/kennethkhoocy/visualsaliency.git
   c980407..b26b42e  main -> main
Setting up watches.  Beware: since -r was given, this may take a while!
Watches established.
/volume1/HomeNetwork/Main/VisualSaliency/ MODIFY git-sync.log
[main 780e7d4] auto-sync: 2026-03-11 08:00:54
 1 file changed, 7 insertions(+)
To https://github.com/kennethkhoocy/visualsaliency.git
   b26b42e..780e7d4  main -> main
Setting up watches.  Beware: since -r was given, this may take a while!
Watches established.
/volume1/HomeNetwork/Main/VisualSaliency/ MODIFY git-sync.log
[main 30b4fe8] auto-sync: 2026-03-11 08:01:00
 1 file changed, 7 insertions(+)
To https://github.com/kennethkhoocy/visualsaliency.git
   780e7d4..30b4fe8  main -> main
Setting up watches.  Beware: since -r was given, this may take a while!
Watches established.
/volume1/HomeNetwork/Main/VisualSaliency/ MODIFY git-sync.log
[main 3d45828] auto-sync: 2026-03-11 08:01:06
 1 file changed, 7 insertions(+)
To https://github.com/kennethkhoocy/visualsaliency.git
   30b4fe8..3d45828  main -> main
Setting up watches.  Beware: since -r was given, this may take a while!
Watches established.
/volume1/HomeNetwork/Main/VisualSaliency/ MODIFY git-sync.log
[main 8517386] auto-sync: 2026-03-11 08:01:12
 1 file changed, 7 insertions(+)
To https://github.com/kennethkhoocy/visualsaliency.git
   3d45828..8517386  main -> main
Setting up watches.  Beware: since -r was given, this may take a while!
Watches established.
/volume1/HomeNetwork/Main/VisualSaliency/ MODIFY git-sync.log
[main 7736787] auto-sync: 2026-03-11 08:01:18
 1 file changed, 7 insertions(+)
To https://github.com/kennethkhoocy/visualsaliency.git
   8517386..7736787  main -> main
Setting up watches.  Beware: since -r was given, this may take a while!
Watches established.
/volume1/HomeNetwork/Main/VisualSaliency/ MODIFY git-sync.log
[main 8f597cd] auto-sync: 2026-03-11 08:01:24
 1 file changed, 7 insertions(+)
To https://github.com/kennethkhoocy/visualsaliency.git
   7736787..8f597cd  main -> main
Setting up watches.  Beware: since -r was given, this may take a while!
Watches established.
/volume1/HomeNetwork/Main/VisualSaliency/ MODIFY git-sync.log
[main 0502f0b] auto-sync: 2026-03-11 08:01:30
 1 file changed, 7 insertions(+)
To https://github.com/kennethkhoocy/visualsaliency.git
   8f597cd..0502f0b  main -> main
Setting up watches.  Beware: since -r was given, this may take a while!
Watches established.
/volume1/HomeNetwork/Main/VisualSaliency/ MODIFY git-sync.log
[main 1e1a507] auto-sync: 2026-03-11 08:01:36
 1 file changed, 7 insertions(+)
To https://github.com/kennethkhoocy/visualsaliency.git
   0502f0b..1e1a507  main -> main
Setting up watches.  Beware: since -r was given, this may take a while!
Watches established.
/volume1/HomeNetwork/Main/VisualSaliency/ MODIFY git-sync.log
[main ca0cf20] auto-sync: 2026-03-11 08:01:43
 1 file changed, 7 insertions(+)
To https://github.com/kennethkhoocy/visualsaliency.git
   1e1a507..ca0cf20  main -> main
Setting up watches.  Beware: since -r was given, this may take a while!
Watches established.
/volume1/HomeNetwork/Main/VisualSaliency/ MODIFY git-sync.log
[main ee5842d] auto-sync: 2026-03-11 08:01:49
 1 file changed, 7 insertions(+)
To https://github.com/kennethkhoocy/visualsaliency.git
   ca0cf20..ee5842d  main -> main
Setting up watches.  Beware: since -r was given, this may take a while!
Watches established.
/volume1/HomeNetwork/Main/VisualSaliency/ MODIFY git-sync.log
[main b96a8b4] auto-sync: 2026-03-11 08:01:55
 1 file changed, 7 insertions(+)
To https://github.com/kennethkhoocy/visualsaliency.git
   ee5842d..b96a8b4  main -> main
Setting up watches.  Beware: since -r was given, this may take a while!
Watches established.
/volume1/HomeNetwork/Main/VisualSaliency/ MODIFY git-sync.log
[main 9258c87] auto-sync: 2026-03-11 08:02:01
 1 file changed, 7 insertions(+)
To https://github.com/kennethkhoocy/visualsaliency.git
   b96a8b4..9258c87  main -> main
Setting up watches.  Beware: since -r was given, this may take a while!
Watches established.
/volume1/HomeNetwork/Main/VisualSaliency/ MODIFY git-sync.log
[main fce5e50] auto-sync: 2026-03-11 08:02:07
 1 file changed, 7 insertions(+)
To https://github.com/kennethkhoocy/visualsaliency.git
   9258c87..fce5e50  main -> main
Setting up watches.  Beware: since -r was given, this may take a while!
Watches established.
/volume1/HomeNetwork/Main/VisualSaliency/ MODIFY git-sync.log
[main a353d97] auto-sync: 2026-03-11 08:02:13
 1 file changed, 7 insertions(+)
To https://github.com/kennethkhoocy/visualsaliency.git
   fce5e50..a353d97  main -> main
Setting up watches.  Beware: since -r was given, this may take a while!
Watches established.
/volume1/HomeNetwork/Main/VisualSaliency/ MODIFY git-sync.log
[main 884cd00] auto-sync: 2026-03-11 08:02:19
 1 file changed, 7 insertions(+)
To https://github.com/kennethkhoocy/visualsaliency.git
   a353d97..884cd00  main -> main
Setting up watches.  Beware: since -r was given, this may take a while!
Watches established.
/volume1/HomeNetwork/Main/VisualSaliency/ MODIFY git-sync.log
[main 4570935] auto-sync: 2026-03-11 08:02:26
 1 file changed, 7 insertions(+)
To https://github.com/kennethkhoocy/visualsaliency.git
   884cd00..4570935  main -> main
Setting up watches.  Beware: since -r was given, this may take a while!
Watches established.
/volume1/HomeNetwork/Main/VisualSaliency/ MODIFY git-sync.log
[main 06adbba] auto-sync: 2026-03-11 08:02:32
 1 file changed, 7 insertions(+)
To https://github.com/kennethkhoocy/visualsaliency.git
   4570935..06adbba  main -> main
Setting up watches.  Beware: since -r was given, this may take a while!
Watches established.
/volume1/HomeNetwork/Main/VisualSaliency/ MODIFY git-sync.log
[main 4b68e23] auto-sync: 2026-03-11 08:02:38
 1 file changed, 7 insertions(+)
To https://github.com/kennethkhoocy/visualsaliency.git
   06adbba..4b68e23  main -> main
Setting up watches.  Beware: since -r was given, this may take a while!
Watches established.
/volume1/HomeNetwork/Main/VisualSaliency/ MODIFY git-sync.log
[main fbb7467] auto-sync: 2026-03-11 08:02:44
 1 file changed, 7 insertions(+)
To https://github.com/kennethkhoocy/visualsaliency.git
   4b68e23..fbb7467  main -> main
Setting up watches.  Beware: since -r was given, this may take a while!
Watches established.
/volume1/HomeNetwork/Main/VisualSaliency/ MODIFY git-sync.log
[main 6b91194] auto-sync: 2026-03-11 08:02:50
 1 file changed, 7 insertions(+)
To https://github.com/kennethkhoocy/visualsaliency.git
   fbb7467..6b91194  main -> main
Setting up watches.  Beware: since -r was given, this may take a while!
Watches established.
/volume1/HomeNetwork/Main/VisualSaliency/ MODIFY git-sync.log
[main 0b4e99a] auto-sync: 2026-03-11 08:02:56
 1 file changed, 7 insertions(+)
To https://github.com/kennethkhoocy/visualsaliency.git
   6b91194..0b4e99a  main -> main
Setting up watches.  Beware: since -r was given, this may take a while!
Watches established.
/volume1/HomeNetwork/Main/VisualSaliency/ MODIFY git-sync.log
[main 86f8a06] auto-sync: 2026-03-11 08:03:02
 1 file changed, 7 insertions(+)
To https://github.com/kennethkhoocy/visualsaliency.git
   0b4e99a..86f8a06  main -> main
Setting up watches.  Beware: since -r was given, this may take a while!
Watches established.
/volume1/HomeNetwork/Main/VisualSaliency/ MODIFY git-sync.log
[main 388d976] auto-sync: 2026-03-11 08:03:08
 1 file changed, 7 insertions(+)
To https://github.com/kennethkhoocy/visualsaliency.git
   86f8a06..388d976  main -> main
Setting up watches.  Beware: since -r was given, this may take a while!
Watches established.
/volume1/HomeNetwork/Main/VisualSaliency/ MODIFY git-sync.log
[main 49b2f6e] auto-sync: 2026-03-11 08:03:14
 1 file changed, 7 insertions(+)
To https://github.com/kennethkhoocy/visualsaliency.git
   388d976..49b2f6e  main -> main
Setting up watches.  Beware: since -r was given, this may take a while!
Watches established.
/volume1/HomeNetwork/Main/VisualSaliency/ MODIFY git-sync.log
[main 19e4f68] auto-sync: 2026-03-11 08:03:20
 1 file changed, 7 insertions(+)
To https://github.com/kennethkhoocy/visualsaliency.git
   49b2f6e..19e4f68  main -> main
Setting up watches.  Beware: since -r was given, this may take a while!
Watches established.
/volume1/HomeNetwork/Main/VisualSaliency/ MODIFY git-sync.log
[main 7b5899d] auto-sync: 2026-03-11 08:03:27
 1 file changed, 7 insertions(+)
To https://github.com/kennethkhoocy/visualsaliency.git
   19e4f68..7b5899d  main -> main
Setting up watches.  Beware: since -r was given, this may take a while!
Watches established.
/volume1/HomeNetwork/Main/VisualSaliency/ MODIFY git-sync.log
[main 0856139] auto-sync: 2026-03-11 08:03:33
 1 file changed, 7 insertions(+)
To https://github.com/kennethkhoocy/visualsaliency.git
   7b5899d..0856139  main -> main
Setting up watches.  Beware: since -r was given, this may take a while!
Watches established.
/volume1/HomeNetwork/Main/VisualSaliency/ MODIFY git-sync.log
[main 61e4877] auto-sync: 2026-03-11 08:03:39
 1 file changed, 7 insertions(+)
To https://github.com/kennethkhoocy/visualsaliency.git
   0856139..61e4877  main -> main
Setting up watches.  Beware: since -r was given, this may take a while!
Watches established.
/volume1/HomeNetwork/Main/VisualSaliency/ MODIFY git-sync.log
[main f7d4cc2] auto-sync: 2026-03-11 08:03:45
 1 file changed, 7 insertions(+)
To https://github.com/kennethkhoocy/visualsaliency.git
   61e4877..f7d4cc2  main -> main
Setting up watches.  Beware: since -r was given, this may take a while!
Watches established.
/volume1/HomeNetwork/Main/VisualSaliency/ MODIFY git-sync.log
[main fd4dcc6] auto-sync: 2026-03-11 08:03:51
 1 file changed, 7 insertions(+)
To https://github.com/kennethkhoocy/visualsaliency.git
   f7d4cc2..fd4dcc6  main -> main
Setting up watches.  Beware: since -r was given, this may take a while!
Watches established.
/volume1/HomeNetwork/Main/VisualSaliency/ MODIFY git-sync.log
Setting up watches.  Beware: since -r was given, this may take a while!
Watches established.
/volume1/HomeNetwork/Main/VisualSaliency/ MODIFY git-sync.log
Setting up watches.  Beware: since -r was given, this may take a while!
Watches established.
/volume1/HomeNetwork/Main/VisualSaliency/ MODIFY git-sync.log
Setting up watches.  Beware: since -r was given, this may take a while!
Watches established.
/volume1/HomeNetwork/Main/VisualSaliency/ MODIFY git-sync.log
Setting up watches.  Beware: since -r was given, this may take a while!
Watches established.
/volume1/HomeNetwork/Main/VisualSaliency/ MODIFY git-sync.log
Setting up watches.  Beware: since -r was given, this may take a while!
Watches established.
/volume1/HomeNetwork/Main/VisualSaliency/ MODIFY git-sync.log
Setting up watches.  Beware: since -r was given, this may take a while!
Watches established.
/volume1/HomeNetwork/Main/VisualSaliency/ MODIFY git-sync.log
Setting up watches.  Beware: since -r was given, this may take a while!
Watches established.
/volume1/HomeNetwork/Main/VisualSaliency/ MODIFY git-sync.log
Setting up watches.  Beware: since -r was given, this may take a while!
Watches established.
/volume1/HomeNetwork/Main/VisualSaliency/ MODIFY git-sync.log
Setting up watches.  Beware: since -r was given, this may take a while!
Watches established.
/volume1/HomeNetwork/Main/VisualSaliency/ MODIFY git-sync.log
Setting up watches.  Beware: since -r was given, this may take a while!
Watches established.
/volume1/HomeNetwork/Main/VisualSaliency/ MODIFY git-sync.log
Setting up watches.  Beware: since -r was given, this may take a while!
Watches established.
/volume1/HomeNetwork/Main/VisualSaliency/ MODIFY git-sync.log
Setting up watches.  Beware: since -r was given, this may take a while!
Watches established.
/volume1/HomeNetwork/Main/VisualSaliency/ MODIFY git-sync.log
Setting up watches.  Beware: since -r was given, this may take a while!
Watches established.
/volume1/HomeNetwork/Main/VisualSaliency/ MODIFY git-sync.log
Setting up watches.  Beware: since -r was given, this may take a while!
Watches established.
/volume1/HomeNetwork/Main/VisualSaliency/ MODIFY git-sync.log
Setting up watches.  Beware: since -r was given, this may take a while!
Watches established.
/volume1/HomeNetwork/Main/VisualSaliency/ MODIFY git-sync.log
Setting up watches.  Beware: since -r was given, this may take a while!
Watches established.
/volume1/HomeNetwork/Main/VisualSaliency/ MODIFY git-sync.log
Setting up watches.  Beware: since -r was given, this may take a while!
Watches established.
/volume1/HomeNetwork/Main/VisualSaliency/ MODIFY git-sync.log
Setting up watches.  Beware: since -r was given, this may take a while!
Watches established.
/volume1/HomeNetwork/Main/VisualSaliency/ MODIFY git-sync.log
Setting up watches.  Beware: since -r was given, this may take a while!
Watches established.
/volume1/HomeNetwork/Main/VisualSaliency/ MODIFY git-sync.log
Setting up watches.  Beware: since -r was given, this may take a while!
Watches established.
/volume1/HomeNetwork/Main/VisualSaliency/ MODIFY git-sync.log
Setting up watches.  Beware: since -r was given, this may take a while!
Watches established.
/volume1/HomeNetwork/Main/VisualSaliency/ MODIFY git-sync.log
Setting up watches.  Beware: since -r was given, this may take a while!
Watches established.
/volume1/HomeNetwork/Main/VisualSaliency/ MODIFY git-sync.log
Setting up watches.  Beware: since -r was given, this may take a while!
Watches established.
/volume1/HomeNetwork/Main/VisualSaliency/ MODIFY git-sync.log
Setting up watches.  Beware: since -r was given, this may take a while!
Watches established.
/volume1/HomeNetwork/Main/VisualSaliency/ MODIFY git-sync.log
Setting up watches.  Beware: since -r was given, this may take a while!
Watches established.
/volume1/HomeNetwork/Main/VisualSaliency/ MODIFY git-sync.log
Setting up watches.  Beware: since -r was given, this may take a while!
Watches established.
/volume1/HomeNetwork/Main/VisualSaliency/ MODIFY git-sync.log
Setting up watches.  Beware: since -r was given, this may take a while!
Watches established.
/volume1/HomeNetwork/Main/VisualSaliency/ MODIFY git-sync.log
Setting up watches.  Beware: since -r was given, this may take a while!
Watches established.
/volume1/HomeNetwork/Main/VisualSaliency/ MODIFY git-sync.log
Setting up watches.  Beware: since -r was given, this may take a while!
Watches established.
/volume1/HomeNetwork/Main/VisualSaliency/ MODIFY git-sync.log
Setting up watches.  Beware: since -r was given, this may take a while!
Watches established.
/volume1/HomeNetwork/Main/VisualSaliency/ MODIFY git-sync.log
Setting up watches.  Beware: since -r was given, this may take a while!
Watches established.
/volume1/HomeNetwork/Main/VisualSaliency/ MODIFY git-sync.log
Setting up watches.  Beware: since -r was given, this may take a while!
Watches established.
/volume1/HomeNetwork/Main/VisualSaliency/ MODIFY git-sync.log
Setting up watches.  Beware: since -r was given, this may take a while!
Watches established.
/volume1/HomeNetwork/Main/VisualSaliency/ MODIFY git-sync.log
Setting up watches.  Beware: since -r was given, this may take a while!
Watches established.
/volume1/HomeNetwork/Main/VisualSaliency/ MODIFY git-sync.log
Setting up watches.  Beware: since -r was given, this may take a while!
Watches established.
/volume1/HomeNetwork/Main/VisualSaliency/ MODIFY git-sync.log
Setting up watches.  Beware: since -r was given, this may take a while!
Watches established.
/volume1/HomeNetwork/Main/VisualSaliency/ MODIFY git-sync.log
Setting up watches.  Beware: since -r was given, this may take a while!
Watches established.
/volume1/HomeNetwork/Main/VisualSaliency/ MODIFY git-sync.log
Setting up watches.  Beware: since -r was given, this may take a while!
Watches established.
/volume1/HomeNetwork/Main/VisualSaliency/ MODIFY git-sync.log
Setting up watches.  Beware: since -r was given, this may take a while!
Watches established.
/volume1/HomeNetwork/Main/VisualSaliency/ MODIFY git-sync.log
Setting up watches.  Beware: since -r was given, this may take a while!
Watches established.
/volume1/HomeNetwork/Main/VisualSaliency/ MODIFY git-sync.log
Setting up watches.  Beware: since -r was given, this may take a while!
Watches established.
/volume1/HomeNetwork/Main/VisualSaliency/ MODIFY git-sync.log
Setting up watches.  Beware: since -r was given, this may take a while!
Watches established.
/volume1/HomeNetwork/Main/VisualSaliency/ MODIFY git-sync.log
Setting up watches.  Beware: since -r was given, this may take a while!
Watches established.
/volume1/HomeNetwork/Main/VisualSaliency/ MODIFY git-sync.log
Setting up watches.  Beware: since -r was given, this may take a while!
Watches established.
/volume1/HomeNetwork/Main/VisualSaliency/ MODIFY git-sync.log
Setting up watches.  Beware: since -r was given, this may take a while!
Watches established.
/volume1/HomeNetwork/Main/VisualSaliency/ MODIFY git-sync.log
Setting up watches.  Beware: since -r was given, this may take a while!
Watches established.
/volume1/HomeNetwork/Main/VisualSaliency/ MODIFY git-sync.log
Setting up watches.  Beware: since -r was given, this may take a while!
Watches established.
/volume1/HomeNetwork/Main/VisualSaliency/ MODIFY git-sync.log
Setting up watches.  Beware: since -r was given, this may take a while!
Watches established.
/volume1/HomeNetwork/Main/VisualSaliency/ MODIFY git-sync.log
Setting up watches.  Beware: since -r was given, this may take a while!
Watches established.
/volume1/HomeNetwork/Main/VisualSaliency/ MODIFY git-sync.log
Setting up watches.  Beware: since -r was given, this may take a while!
Watches established.
/volume1/HomeNetwork/Main/VisualSaliency/ MODIFY git-sync.log
Setting up watches.  Beware: since -r was given, this may take a while!
Watches established.
/volume1/HomeNetwork/Main/VisualSaliency/ MODIFY git-sync.log
Setting up watches.  Beware: since -r was given, this may take a while!
Watches established.
/volume1/HomeNetwork/Main/VisualSaliency/ MODIFY git-sync.log
Setting up watches.  Beware: since -r was given, this may take a while!
Watches established.
/volume1/HomeNetwork/Main/VisualSaliency/ MODIFY git-sync.log
Setting up watches.  Beware: since -r was given, this may take a while!
Watches established.
/volume1/HomeNetwork/Main/VisualSaliency/ MODIFY git-sync.log
Setting up watches.  Beware: since -r was given, this may take a while!
Watches established.
/volume1/HomeNetwork/Main/VisualSaliency/ MODIFY git-sync.log
Setting up watches.  Beware: since -r was given, this may take a while!
Watches established.
/volume1/HomeNetwork/Main/VisualSaliency/ MODIFY git-sync.log
Setting up watches.  Beware: since -r was given, this may take a while!
Watches established.
/volume1/HomeNetwork/Main/VisualSaliency/ MODIFY git-sync.log
Setting up watches.  Beware: since -r was given, this may take a while!
Watches established.
/volume1/HomeNetwork/Main/VisualSaliency/ MODIFY git-sync.log
Setting up watches.  Beware: since -r was given, this may take a while!
Watches established.
/volume1/HomeNetwork/Main/VisualSaliency/ MODIFY git-sync.log
Setting up watches.  Beware: since -r was given, this may take a while!
Watches established.
/volume1/HomeNetwork/Main/VisualSaliency/ MODIFY git-sync.log
Setting up watches.  Beware: since -r was given, this may take a while!
Watches established.
/volume1/HomeNetwork/Main/VisualSaliency/ MODIFY git-sync.log
Setting up watches.  Beware: since -r was given, this may take a while!
Watches established.
/volume1/HomeNetwork/Main/VisualSaliency/ MODIFY git-sync.log
Setting up watches.  Beware: since -r was given, this may take a while!
Watches established.
/volume1/HomeNetwork/Main/VisualSaliency/ MODIFY git-sync.log
Setting up watches.  Beware: since -r was given, this may take a while!
Watches established.
/volume1/HomeNetwork/Main/VisualSaliency/ MODIFY git-sync.log
Setting up watches.  Beware: since -r was given, this may take a while!
Watches established.
/volume1/HomeNetwork/Main/VisualSaliency/ MODIFY git-sync.log
Setting up watches.  Beware: since -r was given, this may take a while!
Watches established.
/volume1/HomeNetwork/Main/VisualSaliency/ MODIFY git-sync.log
Setting up watches.  Beware: since -r was given, this may take a while!
Watches established.
/volume1/HomeNetwork/Main/VisualSaliency/ MODIFY git-sync.log
Setting up watches.  Beware: since -r was given, this may take a while!
Watches established.
/volume1/HomeNetwork/Main/VisualSaliency/ MODIFY git-sync.log
Setting up watches.  Beware: since -r was given, this may take a while!
Watches established.
/volume1/HomeNetwork/Main/VisualSaliency/ MODIFY git-sync.log
Setting up watches.  Beware: since -r was given, this may take a while!
Watches established.
/volume1/HomeNetwork/Main/VisualSaliency/ MODIFY git-sync.log
Setting up watches.  Beware: since -r was given, this may take a while!
Watches established.
/volume1/HomeNetwork/Main/VisualSaliency/ MODIFY git-sync.log
Setting up watches.  Beware: since -r was given, this may take a while!
Watches established.
/volume1/HomeNetwork/Main/VisualSaliency/ MODIFY git-sync.log
Setting up watches.  Beware: since -r was given, this may take a while!
Watches established.
/volume1/HomeNetwork/Main/VisualSaliency/ MODIFY git-sync.log
Setting up watches.  Beware: since -r was given, this may take a while!
Watches established.
/volume1/HomeNetwork/Main/VisualSaliency/ MODIFY git-sync.log
Setting up watches.  Beware: since -r was given, this may take a while!
Watches established.
/volume1/HomeNetwork/Main/VisualSaliency/ MODIFY git-sync.log
Setting up watches.  Beware: since -r was given, this may take a while!
Watches established.
/volume1/HomeNetwork/Main/VisualSaliency/ MODIFY git-sync.log
Setting up watches.  Beware: since -r was given, this may take a while!
Watches established.
/volume1/HomeNetwork/Main/VisualSaliency/ MODIFY git-sync.log
nohup: ignoring input
Setting up watches.  Beware: since -r was given, this may take a while!
Watches established.
/volume1/HomeNetwork/Main/VisualSaliency/ MODIFY git-sync.log
Setting up watches.  Beware: since -r was given, this may take a while!
Watches established.
/volume1/HomeNetwork/Main/VisualSaliency/ MODIFY git-sync.log
Setting up watches.  Beware: since -r was given, this may take a while!
Watches established.
/volume1/HomeNetwork/Main/VisualSaliency/ MODIFY git-sync.log
Setting up watches.  Beware: since -r was given, this may take a while!
Watches established.
/volume1/HomeNetwork/Main/VisualSaliency/ MODIFY git-sync.log
Setting up watches.  Beware: since -r was given, this may take a while!
Watches established.
/volume1/HomeNetwork/Main/VisualSaliency/ MODIFY git-sync.log
Setting up watches.  Beware: since -r was given, this may take a while!
Watches established.
/volume1/HomeNetwork/Main/VisualSaliency/ MODIFY git-sync.log
Setting up watches.  Beware: since -r was given, this may take a while!
Watches established.
/volume1/HomeNetwork/Main/VisualSaliency/ MODIFY git-sync.log
Setting up watches.  Beware: since -r was given, this may take a while!
Watches established.
/volume1/HomeNetwork/Main/VisualSaliency/ MODIFY git-sync.log
nohup: ignoring input
Setting up watches.  Beware: since -r was given, this may take a while!
Watches established.
/volume1/HomeNetwork/Main/VisualSaliency/ MOVED_TO testing1.txt
[main c557ee9] auto-sync: 2026-03-11 08:14:00
 1 file changed, 0 insertions(+), 0 deletions(-)
 create mode 100644 testing1.txt
To https://github.com/kennethkhoocy/visualsaliency.git
   e621323..c557ee9  main -> main
Setting up watches.  Beware: since -r was given, this may take a while!
Watches established.
/volume1/HomeNetwork/Main/VisualSaliency/ MOVED_FROM testing1.txt
fatal: not a git repository (or any parent up to mount point /volume1)
Stopping at filesystem boundary (GIT_DISCOVERY_ACROSS_FILESYSTEM not set).
Setting up watches.  Beware: since -r was given, this may take a while!
Watches established.
/volume1/HomeNetwork/Main/VisualSaliency/ MODIFY git-sync_DiskStation_Mar-11-0817-2026_RemoveLocalConflict.log
fatal: not a git repository (or any parent up to mount point /volume1)
Stopping at filesystem boundary (GIT_DISCOVERY_ACROSS_FILESYSTEM not set).
Setting up watches.  Beware: since -r was given, this may take a while!
Watches established.
/volume1/HomeNetwork/Main/VisualSaliency/ MODIFY git-sync_DiskStation_Mar-11-0817-2026_RemoveLocalConflict.log
fatal: not a git repository (or any parent up to mount point /volume1)
Stopping at filesystem boundary (GIT_DISCOVERY_ACROSS_FILESYSTEM not set).
Setting up watches.  Beware: since -r was given, this may take a while!
Watches established.
/volume1/HomeNetwork/Main/VisualSaliency/ MODIFY git-sync_DiskStation_Mar-11-0817-2026_RemoveLocalConflict.log
fatal: not a git repository (or any parent up to mount point /volume1)
Stopping at filesystem boundary (GIT_DISCOVERY_ACROSS_FILESYSTEM not set).
Setting up watches.  Beware: since -r was given, this may take a while!
Watches established.
/volume1/HomeNetwork/Main/VisualSaliency/ MODIFY git-sync_DiskStation_Mar-11-0817-2026_RemoveLocalConflict.log
fatal: not a git repository (or any parent up to mount point /volume1)
Stopping at filesystem boundary (GIT_DISCOVERY_ACROSS_FILESYSTEM not set).
Setting up watches.  Beware: since -r was given, this may take a while!
Watches established.
/volume1/HomeNetwork/Main/VisualSaliency/ MODIFY git-sync_DiskStation_Mar-11-0817-2026_RemoveLocalConflict.log
fatal: not a git repository (or any parent up to mount point /volume1)
Stopping at filesystem boundary (GIT_DISCOVERY_ACROSS_FILESYSTEM not set).
Setting up watches.  Beware: since -r was given, this may take a while!
Watches established.
/volume1/HomeNetwork/Main/VisualSaliency/ MODIFY git-sync_DiskStation_Mar-11-0817-2026_RemoveLocalConflict.log
fatal: not a git repository (or any parent up to mount point /volume1)
Stopping at filesystem boundary (GIT_DISCOVERY_ACROSS_FILESYSTEM not set).
Setting up watches.  Beware: since -r was given, this may take a while!
Watches established.
/volume1/HomeNetwork/Main/VisualSaliency/ MODIFY git-sync_DiskStation_Mar-11-0817-2026_RemoveLocalConflict.log
fatal: not a git repository (or any parent up to mount point /volume1)
Stopping at filesystem boundary (GIT_DISCOVERY_ACROSS_FILESYSTEM not set).
Setting up watches.  Beware: since -r was given, this may take a while!
Watches established.
/volume1/HomeNetwork/Main/VisualSaliency/ MODIFY git-sync_DiskStation_Mar-11-0817-2026_RemoveLocalConflict.log
fatal: not a git repository (or any parent up to mount point /volume1)
Stopping at filesystem boundary (GIT_DISCOVERY_ACROSS_FILESYSTEM not set).
Setting up watches.  Beware: since -r was given, this may take a while!
Watches established.
/volume1/HomeNetwork/Main/VisualSaliency/ MODIFY git-sync_DiskStation_Mar-11-0817-2026_RemoveLocalConflict.log
fatal: not a git repository (or any parent up to mount point /volume1)
Stopping at filesystem boundary (GIT_DISCOVERY_ACROSS_FILESYSTEM not set).
Setting up watches.  Beware: since -r was given, this may take a while!
Watches established.
/volume1/HomeNetwork/Main/VisualSaliency/ MODIFY git-sync_DiskStation_Mar-11-0817-2026_RemoveLocalConflict.log
fatal: not a git repository (or any parent up to mount point /volume1)
Stopping at filesystem boundary (GIT_DISCOVERY_ACROSS_FILESYSTEM not set).
Setting up watches.  Beware: since -r was given, this may take a while!
Watches established.
/volume1/HomeNetwork/Main/VisualSaliency/ MODIFY git-sync_DiskStation_Mar-11-0817-2026_RemoveLocalConflict.log
fatal: not a git repository (or any parent up to mount point /volume1)
Stopping at filesystem boundary (GIT_DISCOVERY_ACROSS_FILESYSTEM not set).
Setting up watches.  Beware: since -r was given, this may take a while!
Watches established.
/volume1/HomeNetwork/Main/VisualSaliency/ MODIFY git-sync_DiskStation_Mar-11-0817-2026_RemoveLocalConflict.log
fatal: not a git repository (or any parent up to mount point /volume1)
Stopping at filesystem boundary (GIT_DISCOVERY_ACROSS_FILESYSTEM not set).
Setting up watches.  Beware: since -r was given, this may take a while!
Watches established.
/volume1/HomeNetwork/Main/VisualSaliency/ MODIFY git-sync_DiskStation_Mar-11-0817-2026_RemoveLocalConflict.log
fatal: not a git repository (or any parent up to mount point /volume1)
Stopping at filesystem boundary (GIT_DISCOVERY_ACROSS_FILESYSTEM not set).
Setting up watches.  Beware: since -r was given, this may take a while!
Watches established.
/volume1/HomeNetwork/Main/VisualSaliency/ MODIFY git-sync_DiskStation_Mar-11-0817-2026_RemoveLocalConflict.log
Setting up watches.  Beware: since -r was given, this may take a while!
Watches established.
/volume1/HomeNetwork/Main/VisualSaliency/ MODIFY git-sync_DiskStation_Mar-11-0817-2026_RemoveLocalConflict.log
